<?xml version="1.0" encoding="UTF-8"?>
<!-- Generated by org.testng.reporters.JUnitReportReporter -->
<testsuite name="com.qa.PagesTest.LoginTest" tests="3" time="47.121" ignored="0" failures="0" timestamp="01 Jan 2019 12:04:48 GMT" skipped="0" hostname="Kaushal369" errors="0">
  <testcase name="verifyLogo" time="12.267" classname="com.qa.PagesTest.LoginTest"/>
  <testcase name="verify_Test_Title" time="13.332" classname="com.qa.PagesTest.LoginTest"/>
  <testcase name="LoginTest" time="21.522" classname="com.qa.PagesTest.LoginTest"/>
</testsuite> <!-- com.qa.PagesTest.LoginTest -->
